sample.obj : error LNK2019: unresolved external symbol vkCreateInstance referenced in function "enum VkResult __cdecl Init01Instance(void)" (?Init01Instance@@YA?AW4VkResult@@XZ)
sample.obj : error LNK2019: unresolved external symbol vkDestroyInstance referenced in function "enum VkResult __cdecl DestroyAllVulkan(void)" (?DestroyAllVulkan@@YA?AW4VkResult@@XZ)
sample.obj : error LNK2019: unresolved external symbol vkEnumeratePhysicalDevices referenced in function "enum VkResult __cdecl Init03PhysicalDeviceAndGetQueueFamilyProperties(void)" (?Init03PhysicalDeviceAndGetQueueFamilyProperties@@YA?AW4VkResult@@XZ)
sample.obj : error LNK2019: unresolved external symbol vkGetPhysicalDeviceFeatures referenced in function "enum VkResult __cdecl Init03PhysicalDeviceAndGetQueueFamilyProperties(void)" (?Init03PhysicalDeviceAndGetQueueFamilyProperties@@YA?AW4VkResult@@XZ)
sample.obj : error LNK2019: unresolved external symbol vkGetPhysicalDeviceFormatProperties referenced in function "enum VkResult __cdecl Init03PhysicalDeviceAndGetQueueFamilyProperties(void)" (?Init03PhysicalDeviceAndGetQueueFamilyProperties@@YA?AW4VkResult@@XZ)
sample.obj : error LNK2019: unresolved external symbol vkGetPhysicalDeviceProperties referenced in function "enum VkResult __cdecl Init03PhysicalDeviceAndGetQueueFamilyProperties(void)" (?Init03PhysicalDeviceAndGetQueueFamilyProperties@@YA?AW4VkResult@@XZ)
sample.obj : error LNK2019: unresolved external symbol vkGetPhysicalDeviceQueueFamilyProperties referenced in function "enum VkResult __cdecl Init03PhysicalDeviceAndGetQueueFamilyProperties(void)" (?Init03PhysicalDeviceAndGetQueueFamilyProperties@@YA?AW4VkResult@@XZ)
sample.obj : error LNK2019: unresolved external symbol vkGetPhysicalDeviceMemoryProperties referenced in function "int __cdecl FindMemoryThatIsDeviceLocal(void)" (?FindMemoryThatIsDeviceLocal@@YAHXZ)
sample.obj : error LNK2019: unresolved external symbol vkGetInstanceProcAddr referenced in function "enum VkResult __cdecl Init02CreateDebugCallbacks(void)" (?Init02CreateDebugCallbacks@@YA?AW4VkResult@@XZ)
sample.obj : error LNK2019: unresolved external symbol vkCreateDevice referenced in function "enum VkResult __cdecl Init04LogicalDeviceAndQueue(void)" (?Init04LogicalDeviceAndQueue@@YA?AW4VkResult@@XZ)
sample.obj : error LNK2019: unresolved external symbol vkDestroyDevice referenced in function "enum VkResult __cdecl DestroyAllVulkan(void)" (?DestroyAllVulkan@@YA?AW4VkResult@@XZ)
sample.obj : error LNK2019: unresolved external symbol vkEnumerateInstanceExtensionProperties referenced in function "enum VkResult __cdecl Init01Instance(void)" (?Init01Instance@@YA?AW4VkResult@@XZ)
sample.obj : error LNK2019: unresolved external symbol vkEnumerateDeviceExtensionProperties referenced in function "enum VkResult __cdecl Init04LogicalDeviceAndQueue(void)" (?Init04LogicalDeviceAndQueue@@YA?AW4VkResult@@XZ)
sample.obj : error LNK2019: unresolved external symbol vkEnumerateInstanceLayerProperties referenced in function "enum VkResult __cdecl Init01Instance(void)" (?Init01Instance@@YA?AW4VkResult@@XZ)
sample.obj : error LNK2019: unresolved external symbol vkEnumerateDeviceLayerProperties referenced in function "enum VkResult __cdecl Init04LogicalDeviceAndQueue(void)" (?Init04LogicalDeviceAndQueue@@YA?AW4VkResult@@XZ)
sample.obj : error LNK2019: unresolved external symbol vkGetDeviceQueue referenced in function "enum VkResult __cdecl Init04LogicalDeviceAndQueue(void)" (?Init04LogicalDeviceAndQueue@@YA?AW4VkResult@@XZ)
sample.obj : error LNK2019: unresolved external symbol vkQueueSubmit referenced in function "enum VkResult __cdecl Init07TextureBuffer(struct MyTexture *)" (?Init07TextureBuffer@@YA?AW4VkResult@@PEAUMyTexture@@@Z)
sample.obj : error LNK2019: unresolved external symbol vkQueueWaitIdle referenced in function "enum VkResult __cdecl Init07TextureBuffer(struct MyTexture *)" (?Init07TextureBuffer@@YA?AW4VkResult@@PEAUMyTexture@@@Z)
sample.obj : error LNK2019: unresolved external symbol vkDeviceWaitIdle referenced in function "enum VkResult __cdecl DestroyAllVulkan(void)" (?DestroyAllVulkan@@YA?AW4VkResult@@XZ)
sample.obj : error LNK2019: unresolved external symbol vkAllocateMemory referenced in function "enum VkResult __cdecl Init05DataBuffer(unsigned __int64,unsigned int,struct MyBuffer *)" (?Init05DataBuffer@@YA?AW4VkResult@@_KIPEAUMyBuffer@@@Z)
sample.obj : error LNK2019: unresolved external symbol vkMapMemory referenced in function "enum VkResult __cdecl Fill05DataBuffer(struct MyBuffer,void *)" (?Fill05DataBuffer@@YA?AW4VkResult@@UMyBuffer@@PEAX@Z)
sample.obj : error LNK2019: unresolved external symbol vkUnmapMemory referenced in function "enum VkResult __cdecl Fill05DataBuffer(struct MyBuffer,void *)" (?Fill05DataBuffer@@YA?AW4VkResult@@UMyBuffer@@PEAX@Z)
sample.obj : error LNK2019: unresolved external symbol vkBindBufferMemory referenced in function "enum VkResult __cdecl Init05DataBuffer(unsigned __int64,unsigned int,struct MyBuffer *)" (?Init05DataBuffer@@YA?AW4VkResult@@_KIPEAUMyBuffer@@@Z)
sample.obj : error LNK2019: unresolved external symbol vkBindImageMemory referenced in function "enum VkResult __cdecl Init07TextureBuffer(struct MyTexture *)" (?Init07TextureBuffer@@YA?AW4VkResult@@PEAUMyTexture@@@Z)
sample.obj : error LNK2019: unresolved external symbol vkGetBufferMemoryRequirements referenced in function "enum VkResult __cdecl Init05DataBuffer(unsigned __int64,unsigned int,struct MyBuffer *)" (?Init05DataBuffer@@YA?AW4VkResult@@_KIPEAUMyBuffer@@@Z)
sample.obj : error LNK2019: unresolved external symbol vkGetImageMemoryRequirements referenced in function "enum VkResult __cdecl Init07TextureBuffer(struct MyTexture *)" (?Init07TextureBuffer@@YA?AW4VkResult@@PEAUMyTexture@@@Z)
sample.obj : error LNK2019: unresolved external symbol vkCreateFence referenced in function "enum VkResult __cdecl InitFence(void)" (?InitFence@@YA?AW4VkResult@@XZ)
sample.obj : error LNK2019: unresolved external symbol vkDestroyFence referenced in function "enum VkResult __cdecl RenderScene(void)" (?RenderScene@@YA?AW4VkResult@@XZ)
sample.obj : error LNK2019: unresolved external symbol vkWaitForFences referenced in function "enum VkResult __cdecl RenderScene(void)" (?RenderScene@@YA?AW4VkResult@@XZ)
sample.obj : error LNK2019: unresolved external symbol vkCreateSemaphore referenced in function "enum VkResult __cdecl InitSemaphore(void)" (?InitSemaphore@@YA?AW4VkResult@@XZ)
sample.obj : error LNK2019: unresolved external symbol vkCreateBuffer referenced in function "enum VkResult __cdecl Init05DataBuffer(unsigned __int64,unsigned int,struct MyBuffer *)" (?Init05DataBuffer@@YA?AW4VkResult@@_KIPEAUMyBuffer@@@Z)
sample.obj : error LNK2019: unresolved external symbol vkCreateImage referenced in function "enum VkResult __cdecl Init07TextureBuffer(struct MyTexture *)" (?Init07TextureBuffer@@YA?AW4VkResult@@PEAUMyTexture@@@Z)
sample.obj : error LNK2019: unresolved external symbol vkGetImageSubresourceLayout referenced in function "enum VkResult __cdecl Init07TextureBuffer(struct MyTexture *)" (?Init07TextureBuffer@@YA?AW4VkResult@@PEAUMyTexture@@@Z)
sample.obj : error LNK2019: unresolved external symbol vkCreateImageView referenced in function "enum VkResult __cdecl Init07TextureBuffer(struct MyTexture *)" (?Init07TextureBuffer@@YA?AW4VkResult@@PEAUMyTexture@@@Z)
sample.obj : error LNK2019: unresolved external symbol vkCreateShaderModule referenced in function "enum VkResult __cdecl Init12SpirvShader(class std::basic_string<char,struct std::char_traits<char>,class std::allocator<char> >,struct VkShaderModule_T * *)" (?Init12SpirvShader@@YA?AW4VkResult@@V?$basic_string@DU?$char_traits@D@std@@V?$allocator@D@2@@std@@PEAPEAUVkShaderModule_T@@@Z)
sample.obj : error LNK2019: unresolved external symbol vkCreateGraphicsPipelines referenced in function "enum VkResult __cdecl Init14GraphicsVertexFragmentPipeline(struct VkShaderModule_T *,struct VkShaderModule_T *,enum VkPrimitiveTopology,struct VkPipeline_T * *)" (?Init14GraphicsVertexFragmentPipeline@@YA?AW4VkResult@@PEAUVkShaderModule_T@@0W4VkPrimitiveTopology@@PEAPEAUVkPipeline_T@@@Z)
sample.obj : error LNK2019: unresolved external symbol vkCreateComputePipelines referenced in function "enum VkResult __cdecl Init14ComputePipeline(struct VkShaderModule_T *,struct VkPipeline_T * *)" (?Init14ComputePipeline@@YA?AW4VkResult@@PEAUVkShaderModule_T@@PEAPEAUVkPipeline_T@@@Z)
sample.obj : error LNK2019: unresolved external symbol vkCreatePipelineLayout referenced in function "enum VkResult __cdecl Init14ComputePipeline(struct VkShaderModule_T *,struct VkPipeline_T * *)" (?Init14ComputePipeline@@YA?AW4VkResult@@PEAUVkShaderModule_T@@PEAPEAUVkPipeline_T@@@Z)
sample.obj : error LNK2019: unresolved external symbol vkDestroyPipelineLayout referenced in function "enum VkResult __cdecl DestroyAllVulkan(void)" (?DestroyAllVulkan@@YA?AW4VkResult@@XZ)
sample.obj : error LNK2019: unresolved external symbol vkCreateSampler referenced in function "enum VkResult __cdecl Init07TextureSampler(struct MyTexture *)" (?Init07TextureSampler@@YA?AW4VkResult@@PEAUMyTexture@@@Z)
sample.obj : error LNK2019: unresolved external symbol vkCreateDescriptorSetLayout referenced in function "enum VkResult __cdecl Init13DescriptorSetLayouts(void)" (?Init13DescriptorSetLayouts@@YA?AW4VkResult@@XZ)
sample.obj : error LNK2019: unresolved external symbol vkDestroyDescriptorSetLayout referenced in function "enum VkResult __cdecl DestroyAllVulkan(void)" (?DestroyAllVulkan@@YA?AW4VkResult@@XZ)
sample.obj : error LNK2019: unresolved external symbol vkCreateDescriptorPool referenced in function "enum VkResult __cdecl Init13DescriptorSetPool(void)" (?Init13DescriptorSetPool@@YA?AW4VkResult@@XZ)
sample.obj : error LNK2019: unresolved external symbol vkAllocateDescriptorSets referenced in function "enum VkResult __cdecl Init13DescriptorSets(void)" (?Init13DescriptorSets@@YA?AW4VkResult@@XZ)
sample.obj : error LNK2019: unresolved external symbol vkUpdateDescriptorSets referenced in function "enum VkResult __cdecl Init13DescriptorSets(void)" (?Init13DescriptorSets@@YA?AW4VkResult@@XZ)
sample.obj : error LNK2019: unresolved external symbol vkCreateFramebuffer referenced in function "enum VkResult __cdecl Init11Framebuffers(void)" (?Init11Framebuffers@@YA?AW4VkResult@@XZ)
sample.obj : error LNK2019: unresolved external symbol vkCreateRenderPass referenced in function "enum VkResult __cdecl Init10RenderPasses(void)" (?Init10RenderPasses@@YA?AW4VkResult@@XZ)
sample.obj : error LNK2019: unresolved external symbol vkCreateCommandPool referenced in function "enum VkResult __cdecl Init06CommandPool(void)" (?Init06CommandPool@@YA?AW4VkResult@@XZ)
sample.obj : error LNK2019: unresolved external symbol vkAllocateCommandBuffers referenced in function "enum VkResult __cdecl Init06CommandBuffers(void)" (?Init06CommandBuffers@@YA?AW4VkResult@@XZ)
sample.obj : error LNK2019: unresolved external symbol vkBeginCommandBuffer referenced in function "enum VkResult __cdecl Init07TextureBuffer(struct MyTexture *)" (?Init07TextureBuffer@@YA?AW4VkResult@@PEAUMyTexture@@@Z)
sample.obj : error LNK2019: unresolved external symbol vkEndCommandBuffer referenced in function "enum VkResult __cdecl Init07TextureBuffer(struct MyTexture *)" (?Init07TextureBuffer@@YA?AW4VkResult@@PEAUMyTexture@@@Z)
sample.obj : error LNK2019: unresolved external symbol vkCmdBindPipeline referenced in function "enum VkResult __cdecl RenderScene(void)" (?RenderScene@@YA?AW4VkResult@@XZ)
sample.obj : error LNK2019: unresolved external symbol vkCmdSetViewport referenced in function "enum VkResult __cdecl RenderScene(void)" (?RenderScene@@YA?AW4VkResult@@XZ)
sample.obj : error LNK2019: unresolved external symbol vkCmdSetScissor referenced in function "enum VkResult __cdecl RenderScene(void)" (?RenderScene@@YA?AW4VkResult@@XZ)
sample.obj : error LNK2019: unresolved external symbol vkCmdBindDescriptorSets referenced in function "enum VkResult __cdecl RenderScene(void)" (?RenderScene@@YA?AW4VkResult@@XZ)
sample.obj : error LNK2019: unresolved external symbol vkCmdBindVertexBuffers referenced in function "enum VkResult __cdecl RenderScene(void)" (?RenderScene@@YA?AW4VkResult@@XZ)
sample.obj : error LNK2019: unresolved external symbol vkCmdDraw referenced in function "enum VkResult __cdecl RenderScene(void)" (?RenderScene@@YA?AW4VkResult@@XZ)
sample.obj : error LNK2019: unresolved external symbol vkCmdCopyImage referenced in function "enum VkResult __cdecl Init07TextureBuffer(struct MyTexture *)" (?Init07TextureBuffer@@YA?AW4VkResult@@PEAUMyTexture@@@Z)
sample.obj : error LNK2019: unresolved external symbol vkCmdPipelineBarrier referenced in function "enum VkResult __cdecl Init07TextureBuffer(struct MyTexture *)" (?Init07TextureBuffer@@YA?AW4VkResult@@PEAUMyTexture@@@Z)
sample.obj : error LNK2019: unresolved external symbol vkCmdBeginRenderPass referenced in function "enum VkResult __cdecl RenderScene(void)" (?RenderScene@@YA?AW4VkResult@@XZ)
sample.obj : error LNK2019: unresolved external symbol vkCmdEndRenderPass referenced in function "enum VkResult __cdecl RenderScene(void)" (?RenderScene@@YA?AW4VkResult@@XZ)
sample.obj : error LNK2019: unresolved external symbol vkGetPhysicalDeviceSurfaceCapabilitiesKHR referenced in function "enum VkResult __cdecl Init08Swapchain(void)" (?Init08Swapchain@@YA?AW4VkResult@@XZ)
sample.obj : error LNK2019: unresolved external symbol vkCreateSwapchainKHR referenced in function "enum VkResult __cdecl Init08Swapchain(void)" (?Init08Swapchain@@YA?AW4VkResult@@XZ)
sample.obj : error LNK2019: unresolved external symbol vkGetSwapchainImagesKHR referenced in function "enum VkResult __cdecl Init08Swapchain(void)" (?Init08Swapchain@@YA?AW4VkResult@@XZ)
sample.obj : error LNK2019: unresolved external symbol vkAcquireNextImageKHR referenced in function "enum VkResult __cdecl RenderScene(void)" (?RenderScene@@YA?AW4VkResult@@XZ)
sample.obj : error LNK2019: unresolved external symbol vkQueuePresentKHR referenced in function "enum VkResult __cdecl RenderScene(void)" (?RenderScene@@YA?AW4VkResult@@XZ)
sample.obj : error LNK2019: unresolved external symbol glfwInit referenced in function "void __cdecl InitGLFW(void)" (?InitGLFW@@YAXXZ)
sample.obj : error LNK2019: unresolved external symbol glfwTerminate referenced in function main
sample.obj : error LNK2019: unresolved external symbol glfwSetErrorCallback referenced in function "void __cdecl InitGLFW(void)" (?InitGLFW@@YAXXZ)
sample.obj : error LNK2019: unresolved external symbol glfwWindowHint referenced in function "void __cdecl InitGLFW(void)" (?InitGLFW@@YAXXZ)
sample.obj : error LNK2019: unresolved external symbol glfwCreateWindow referenced in function "void __cdecl InitGLFW(void)" (?InitGLFW@@YAXXZ)
sample.obj : error LNK2019: unresolved external symbol glfwDestroyWindow referenced in function main
sample.obj : error LNK2019: unresolved external symbol glfwWindowShouldClose referenced in function main
sample.obj : error LNK2019: unresolved external symbol glfwPollEvents referenced in function main
sample.obj : error LNK2019: unresolved external symbol glfwGetCursorPos referenced in function "void __cdecl GLFWMouseButton(struct GLFWwindow *,int,int,int)" (?GLFWMouseButton@@YAXPEAUGLFWwindow@@HHH@Z)
sample.obj : error LNK2019: unresolved external symbol glfwSetKeyCallback referenced in function "void __cdecl InitGLFW(void)" (?InitGLFW@@YAXXZ)
sample.obj : error LNK2019: unresolved external symbol glfwSetMouseButtonCallback referenced in function "void __cdecl InitGLFW(void)" (?InitGLFW@@YAXXZ)
sample.obj : error LNK2019: unresolved external symbol glfwSetCursorPosCallback referenced in function "void __cdecl InitGLFW(void)" (?InitGLFW@@YAXXZ)
sample.obj : error LNK2019: unresolved external symbol glfwGetTime referenced in function main
sample.obj : error LNK2019: unresolved external symbol glfwCreateWindowSurface referenced in function "void __cdecl InitGLFW(void)" (?InitGLFW@@YAXXZ)
MSVCRTD.lib(exe_winmain.obj) : error LNK2019: unresolved external symbol WinMain referenced in function "int __cdecl invoke_main(void)" (?invoke_main@@YAHXZ)
C:\Users\Alan\Desktop\Vulkan\Project 2\x64\Debug\Sample.exe : fatal error LNK1120: 81 unresolved externals
